\BOOKMARK [1][-]{section.1}{\376\377\000C\000e\000l\000\040\000z\000a\000d\000a\000n\000i\000a}{}% 1
\BOOKMARK [1][-]{section.2}{\376\377\000W\000s\000t\001\031\000p\000\040\000t\000e\000o\000r\000e\000t\000y\000c\000z\000n\000y}{}% 2
\BOOKMARK [1][-]{section.3}{\376\377\000M\000a\000t\000e\000r\000i\000a\001\102\000y\000\040\000i\000\040\000m\000e\000t\000o\000d\000y}{}% 3
\BOOKMARK [1][-]{section.4}{\376\377\000E\000k\000s\000p\000e\000r\000y\000m\000e\000n\000t\000y\000\040\000i\000\040\000w\000y\000n\000i\000k\000i}{}% 4
\BOOKMARK [2][-]{subsection.4.1}{\376\377\000E\000k\000s\000p\000e\000r\000y\000m\000e\000n\000t\000\040\0001}{section.4}% 5
\BOOKMARK [3][-]{subsubsection.4.1.1}{\376\377\000Z\000a\001\102\000o\001\174\000e\000n\000i\000a}{subsection.4.1}% 6
\BOOKMARK [3][-]{subsubsection.4.1.2}{\376\377\000E\000k\000s\000p\000e\000r\000y\000m\000e\000n\000t}{subsection.4.1}% 7
\BOOKMARK [2][-]{subsection.4.2}{\376\377\000E\000k\000s\000p\000e\000r\000y\000m\000e\000n\000t\000\040\0002}{section.4}% 8
\BOOKMARK [3][-]{subsubsection.4.2.1}{\376\377\000Z\000a\001\102\000o\001\174\000e\000n\000i\000a}{subsection.4.2}% 9
\BOOKMARK [3][-]{subsubsection.4.2.2}{\376\377\000E\000k\000s\000p\000e\000r\000y\000m\000e\000n\000t}{subsection.4.2}% 10
\BOOKMARK [2][-]{subsection.4.3}{\376\377\000E\000k\000s\000p\000e\000r\000y\000m\000e\000n\000t\000\040\0003}{section.4}% 11
\BOOKMARK [3][-]{subsubsection.4.3.1}{\376\377\000Z\000a\001\102\000o\001\174\000e\000n\000i\000a}{subsection.4.3}% 12
\BOOKMARK [3][-]{subsubsection.4.3.2}{\376\377\000E\000k\000s\000p\000e\000r\000y\000m\000e\000n\000t}{subsection.4.3}% 13
\BOOKMARK [2][-]{subsection.4.4}{\376\377\000E\000k\000s\000p\000e\000r\000y\000m\000e\000n\000t\000\040\0004}{section.4}% 14
\BOOKMARK [3][-]{subsubsection.4.4.1}{\376\377\000Z\000a\001\102\000o\001\174\000e\000n\000i\000a}{subsection.4.4}% 15
\BOOKMARK [3][-]{subsubsection.4.4.2}{\376\377\000E\000k\000s\000p\000e\000r\000y\000m\000e\000n\000t}{subsection.4.4}% 16
\BOOKMARK [2][-]{subsection.4.5}{\376\377\000E\000k\000s\000p\000e\000r\000y\000m\000e\000n\000t\000\040\0005}{section.4}% 17
\BOOKMARK [3][-]{subsubsection.4.5.1}{\376\377\000Z\000a\001\102\000o\001\174\000e\000n\000i\000a}{subsection.4.5}% 18
\BOOKMARK [3][-]{subsubsection.4.5.2}{\376\377\000E\000k\000s\000p\000e\000r\000y\000m\000e\000n\000t}{subsection.4.5}% 19
\BOOKMARK [1][-]{section.5}{\376\377\000D\000y\000s\000k\000u\000s\000j\000a}{}% 20
\BOOKMARK [2][-]{subsection.5.1}{\376\377\000E\000k\000s\000p\000e\000r\000y\000m\000e\000n\000t\000\040\0001}{section.5}% 21
\BOOKMARK [2][-]{subsection.5.2}{\376\377\000E\000k\000s\000p\000e\000r\000y\000m\000e\000n\000t\000\040\0002}{section.5}% 22
\BOOKMARK [2][-]{subsection.5.3}{\376\377\000E\000k\000s\000p\000e\000r\000y\000m\000e\000n\000t\000\040\0003}{section.5}% 23
\BOOKMARK [2][-]{subsection.5.4}{\376\377\000E\000k\000s\000p\000e\000r\000y\000m\000e\000n\000t\000\040\0004}{section.5}% 24
\BOOKMARK [2][-]{subsection.5.5}{\376\377\000E\000k\000s\000p\000e\000r\000y\000m\000e\000n\000t\000\040\0005}{section.5}% 25
\BOOKMARK [1][-]{section.6}{\376\377\000W\000n\000i\000o\000s\000k\000i}{}% 26
